<?xml version="1.0" encoding="UTF-8"?>
<!-- Generated by org.testng.reporters.JUnitXMLReporter -->
<testsuite ignored="0" hostname="DESKTOP-64K5226" failures="0" tests="4" name="Default test" time="25.002" errors="0" timestamp="2021-07-30T23:18:00 EET">
  <testcase classname="com.GuruProject.testcases.LoginPage" name="TitleTest" time="0.018"/>
  <testcase classname="com.GuruProject.testcases.LoginPage" name="URLTest" time="0.021"/>
  <testcase classname="com.GuruProject.testcases.LoginPage" name="LogoTest" time="0.11"/>
  <testcase classname="com.GuruProject.testcases.LoginPage" name="LoginTest" time="1.461"/>
</testsuite> <!-- Default test -->
